1636010343.854141 client started (31545): version 3.1c, socket /private/tmp/tmux-501/default, protocol 8
1636010343.854219 on Darwin 20.5.0 Darwin Kernel Version 20.5.0: Sat May  8 05:10:33 PDT 2021; root:xnu-7195.121.3~9/RELEASE_X86_64; libevent 2.1.12-stable (select)
1636010343.854290 socket is /private/tmp/tmux-501/default
1636010343.854322 trying connect
1636010343.854449 add peer 0x7f819b526000: 6 (0x0)
1636010343.856477 sending message 100 to peer 0x7f819b526000 (4 bytes)
1636010343.856522 sending message 101 to peer 0x7f819b526000 (15 bytes)
1636010343.856541 sending message 102 to peer 0x7f819b526000 (13 bytes)
1636010343.856551 sending message 108 to peer 0x7f819b526000 (24 bytes)
1636010343.856575 sending message 104 to peer 0x7f819b526000 (0 bytes)
1636010343.856585 sending message 107 to peer 0x7f819b526000 (4 bytes)
1636010343.856595 sending message 105 to peer 0x7f819b526000 (60 bytes)
1636010343.856604 sending message 105 to peer 0x7f819b526000 (66 bytes)
1636010343.856614 sending message 105 to peer 0x7f819b526000 (27 bytes)
1636010343.856623 sending message 105 to peer 0x7f819b526000 (15 bytes)
1636010343.856632 sending message 105 to peer 0x7f819b526000 (22 bytes)
1636010343.856641 sending message 105 to peer 0x7f819b526000 (14 bytes)
1636010343.856650 sending message 105 to peer 0x7f819b526000 (28 bytes)
1636010343.856659 sending message 105 to peer 0x7f819b526000 (15 bytes)
1636010343.856668 sending message 105 to peer 0x7f819b526000 (43 bytes)
1636010343.856677 sending message 105 to peer 0x7f819b526000 (24 bytes)
1636010343.856686 sending message 105 to peer 0x7f819b526000 (15 bytes)
1636010343.856695 sending message 105 to peer 0x7f819b526000 (28 bytes)
1636010343.856705 sending message 105 to peer 0x7f819b526000 (23 bytes)
1636010343.856714 sending message 105 to peer 0x7f819b526000 (807 bytes)
1636010343.856723 sending message 105 to peer 0x7f819b526000 (19 bytes)
1636010343.856732 sending message 105 to peer 0x7f819b526000 (20 bytes)
1636010343.856741 sending message 105 to peer 0x7f819b526000 (22 bytes)
1636010343.856750 sending message 105 to peer 0x7f819b526000 (20 bytes)
1636010343.856759 sending message 105 to peer 0x7f819b526000 (20 bytes)
1636010343.856768 sending message 105 to peer 0x7f819b526000 (57 bytes)
1636010343.856777 sending message 105 to peer 0x7f819b526000 (13 bytes)
1636010343.856785 sending message 105 to peer 0x7f819b526000 (19 bytes)
1636010343.856794 sending message 105 to peer 0x7f819b526000 (16 bytes)
1636010343.856803 sending message 105 to peer 0x7f819b526000 (54 bytes)
1636010343.856812 sending message 105 to peer 0x7f819b526000 (61 bytes)
1636010343.856821 sending message 105 to peer 0x7f819b526000 (32 bytes)
1636010343.856829 sending message 105 to peer 0x7f819b526000 (8 bytes)
1636010343.856838 sending message 105 to peer 0x7f819b526000 (22 bytes)
1636010343.856847 sending message 105 to peer 0x7f819b526000 (9 bytes)
1636010343.856856 sending message 105 to peer 0x7f819b526000 (25 bytes)
1636010343.856865 sending message 105 to peer 0x7f819b526000 (37 bytes)
1636010343.856874 sending message 105 to peer 0x7f819b526000 (38 bytes)
1636010343.856883 sending message 105 to peer 0x7f819b526000 (21 bytes)
1636010343.856892 sending message 105 to peer 0x7f819b526000 (34 bytes)
1636010343.856901 sending message 105 to peer 0x7f819b526000 (23 bytes)
1636010343.856910 sending message 105 to peer 0x7f819b526000 (62 bytes)
1636010343.856918 sending message 105 to peer 0x7f819b526000 (71 bytes)
1636010343.856927 sending message 105 to peer 0x7f819b526000 (53 bytes)
1636010343.856936 sending message 105 to peer 0x7f819b526000 (19 bytes)
1636010343.856945 sending message 105 to peer 0x7f819b526000 (12 bytes)
1636010343.856954 sending message 105 to peer 0x7f819b526000 (22 bytes)
1636010343.856963 sending message 105 to peer 0x7f819b526000 (30 bytes)
1636010343.856971 sending message 105 to peer 0x7f819b526000 (11 bytes)
1636010343.856980 sending message 105 to peer 0x7f819b526000 (8 bytes)
1636010343.856989 sending message 105 to peer 0x7f819b526000 (32 bytes)
1636010343.856998 sending message 105 to peer 0x7f819b526000 (10 bytes)
1636010343.857026 sending message 105 to peer 0x7f819b526000 (12 bytes)
1636010343.857033 sending message 105 to peer 0x7f819b526000 (12 bytes)
1636010343.857039 sending message 105 to peer 0x7f819b526000 (46 bytes)
1636010343.857045 sending message 105 to peer 0x7f819b526000 (45 bytes)
1636010343.857051 sending message 105 to peer 0x7f819b526000 (46 bytes)
1636010343.857057 sending message 105 to peer 0x7f819b526000 (93 bytes)
1636010343.857063 sending message 105 to peer 0x7f819b526000 (34 bytes)
1636010343.857069 sending message 105 to peer 0x7f819b526000 (26 bytes)
1636010343.857075 sending message 105 to peer 0x7f819b526000 (46 bytes)
1636010343.857081 sending message 105 to peer 0x7f819b526000 (26 bytes)
1636010343.857087 sending message 105 to peer 0x7f819b526000 (56 bytes)
1636010343.857093 sending message 105 to peer 0x7f819b526000 (57 bytes)
1636010343.857099 sending message 105 to peer 0x7f819b526000 (59 bytes)
1636010343.857105 sending message 105 to peer 0x7f819b526000 (59 bytes)
1636010343.857111 sending message 105 to peer 0x7f819b526000 (59 bytes)
1636010343.857117 sending message 105 to peer 0x7f819b526000 (55 bytes)
1636010343.857124 sending message 105 to peer 0x7f819b526000 (6017 bytes)
1636010343.857131 sending message 105 to peer 0x7f819b526000 (22 bytes)
1636010343.857137 sending message 106 to peer 0x7f819b526000 (0 bytes)
1636010343.857146 sending message 200 to peer 0x7f819b526000 (4 bytes)
1636010343.857153 client loop enter
1636010343.859417 peer 0x7f819b526000 message 207
1636010343.859520 sending message 208 to peer 0x7f819b526000 (0 bytes)
1636010346.109937 peer 0x7f819b526000 message 203
1636010346.109972 sending message 205 to peer 0x7f819b526000 (0 bytes)
1636010346.110166 peer 0x7f819b526000 message 204
1636010346.110187 client loop exit
